Executing: KSP-AVC - 1.1.5.0
Assembly: /Users/ehren/Library/Application Support/Steam/SteamApps/common/Kerbal Space Program/GameData/KSP-AVC/KSP-AVC.dll

[Text 12:00:52.2780590]: Starter was created.
[Text 12:00:53.3436530]: Checking Root: /Users/ehren/Library/Application Support/Steam/SteamApps/common/Kerbal Space Program/GameData
[Text 12:00:53.3449480]: CheckerProgressGui was created.
[Text 12:00:53.7727000]: Identical remote version found: Using remote version information only.
[Text 12:00:53.7731240]: https://raw.githubusercontent.com/TriggerAu/KerbalAlarmClock/master/KerbalAlarmClock/KerbalAlarmClock.version
	NAME: Kerbal Alarm Clock
	URL: https://raw.githubusercontent.com/TriggerAu/KerbalAlarmClock/master/KerbalAlarmClock/KerbalAlarmClock.version
	DOWNLOAD: https://github.com/TriggerAu/KerbalAlarmClock/releases
	GITHUB: NULL
	VERSION: 3.4
	KSP_VERSION: 1.0.4
	KSP_VERSION_MIN: 1.0
	KSP_VERSION_MAX: 1.0.99
	CompatibleKspVersion: False
	CompatibleKspVersionMin: True
	CompatibleKspVersionMax: True
	CompatibleGitHubVersion: True

[Text 12:00:53.8079550]: /Users/ehren/Library/Application Support/Steam/SteamApps/common/Kerbal Space Program/GameData/CommunityResourcePack/CRP.version
	NAME: Community Resource Pack
	URL: https://raw.githubusercontent.com/BobPalmer/CommunityResourcePack/master/GameData/CommunityResourcePack/CRP.version
	DOWNLOAD: https://github.com/BobPalmer/CommunityResourcePack/releases
	GITHUB: BobPalmer/CommunityResourcePack
		LatestRelease: NULL
		AllowPreRelease: False
	VERSION: 0.4.5
	KSP_VERSION: 1.0.4
	KSP_VERSION_MIN: 1.0
	KSP_VERSION_MAX: 1.0.4
	CompatibleKspVersion: False
	CompatibleKspVersionMin: True
	CompatibleKspVersionMax: False
	CompatibleGitHubVersion: True

[Text 12:00:53.9007510]: /Users/ehren/Library/Application Support/Steam/SteamApps/common/Kerbal Space Program/GameData/WildBlueIndustries/Buffalo/Buffalo.version
	NAME: Buffalo
	URL: https://raw.githubusercontent.com/Angel-125/Buffalo/master/GameData/WildBlueIndustries/Buffalo.version
	DOWNLOAD: https://github.com/Angel-125/Buffalo/releases
	GITHUB: Angel-125/Buffalo
		LatestRelease: NULL
		AllowPreRelease: False
	VERSION: 0.2.2
	KSP_VERSION: 1.0.5
	KSP_VERSION_MIN: NULL
	KSP_VERSION_MAX: NULL
	CompatibleKspVersion: True
	CompatibleKspVersionMin: True
	CompatibleKspVersionMax: True
	CompatibleGitHubVersion: True

[Text 12:00:53.9241010]: Identical remote version found: Using remote version information only.
[Text 12:00:53.9241190]: https://raw.githubusercontent.com/StupidChris/RealChute/master/Output/GameData/RealChute/RealChute.version
	NAME: RealChute
	URL: https://raw.githubusercontent.com/StupidChris/RealChute/master/Output/GameData/RealChute/RealChute.version
	DOWNLOAD: NULL
	GITHUB: NULL
	VERSION: 1.3.2.4
	KSP_VERSION: 1.0.5
	KSP_VERSION_MIN: NULL
	KSP_VERSION_MAX: NULL
	CompatibleKspVersion: True
	CompatibleKspVersionMin: True
	CompatibleKspVersionMax: True
	CompatibleGitHubVersion: True

[Text 12:00:54.1324770]: /Users/ehren/Library/Application Support/Steam/SteamApps/common/Kerbal Space Program/GameData/WildBlueIndustries/Pathfinder/Pathfinder.version
	NAME: Pathfinder
	URL: https://raw.githubusercontent.com/Angel-125/Pathfinder/master/GameData/WildBlueIndustries/Pathfinder.version
	DOWNLOAD: https://github.com/Angel-125/Pathfinder/releases
	GITHUB: Angel-125/Pathfinder
		LatestRelease: NULL
		AllowPreRelease: False
	VERSION: 0.9.2
	KSP_VERSION: 1.0.5
	KSP_VERSION_MIN: NULL
	KSP_VERSION_MAX: NULL
	CompatibleKspVersion: True
	CompatibleKspVersionMin: True
	CompatibleKspVersionMax: True
	CompatibleGitHubVersion: True

[Text 12:00:54.3903200]: Identical remote version found: Using remote version information only.
[Text 12:00:54.3903380]: http://ksp-avc.cybutek.net/version.php?id=9
	NAME: TAC Life Support
	URL: http://ksp-avc.cybutek.net/version.php?id=9
	DOWNLOAD: https://github.com/taraniselsu/TacLifeSupport/wiki/Download
	GITHUB: NULL
	VERSION: 0.11.1.20
	KSP_VERSION: 1.0.2
	KSP_VERSION_MIN: 1.0
	KSP_VERSION_MAX: 1.0.10
	CompatibleKspVersion: False
	CompatibleKspVersionMin: True
	CompatibleKspVersionMax: True
	CompatibleGitHubVersion: True

[Text 12:00:54.4743640]: Identical remote version found: Using remote version information only.
[Text 12:00:54.4743810]: http://ksp-avc.cybutek.net/version.php?id=136
	NAME: SETI-Greenhouse
	URL: http://ksp-avc.cybutek.net/version.php?id=136
	DOWNLOAD: http://forum.kerbalspaceprogram.com/threads/114133
	GITHUB: NULL
	VERSION: 0.9.3
	KSP_VERSION: 1.0.5
	KSP_VERSION_MIN: 1.0
	KSP_VERSION_MAX: 1.0.99
	CompatibleKspVersion: True
	CompatibleKspVersionMin: True
	CompatibleKspVersionMax: True
	CompatibleGitHubVersion: True

[Text 12:00:54.5169110]: /Users/ehren/Library/Application Support/Steam/SteamApps/common/Kerbal Space Program/GameData/WildBlueIndustries/000WildBlueTools/WildBlueTools.version
	NAME: WildBlueTools
	URL: https://raw.githubusercontent.com/Angel-125/WildBlueTools/master/GameData/WildBlueIndustries/000WildBlueTools/WildBlueTools.version
	DOWNLOAD: https://github.com/Angel-125/WildBlueTools/releases
	GITHUB: Angel-125/WildBlueTools
		LatestRelease: NULL
		AllowPreRelease: False
	VERSION: 1.0.22
	KSP_VERSION: 1.0.5
	KSP_VERSION_MIN: NULL
	KSP_VERSION_MAX: NULL
	CompatibleKspVersion: True
	CompatibleKspVersionMin: True
	CompatibleKspVersionMax: True
	CompatibleGitHubVersion: True
[Text 12:00:54.5171220]: https://raw.githubusercontent.com/Angel-125/WildBlueTools/master/GameData/WildBlueIndustries/000WildBlueTools/WildBlueTools.version
	NAME: WildBlueTools
	URL: https://raw.githubusercontent.com/Angel-125/WildBlueTools/master/GameData/WildBlueIndustries/000WildBlueTools/WildBlueTools.version
	DOWNLOAD: https://github.com/Angel-125/WildBlueTools/releases
	GITHUB: Angel-125/WildBlueTools
		LatestRelease: 1.0.20
		AllowPreRelease: False
	VERSION: 1.0.23
	KSP_VERSION: 1.0.5
	KSP_VERSION_MIN: NULL
	KSP_VERSION_MAX: NULL
	CompatibleKspVersion: True
	CompatibleKspVersionMin: True
	CompatibleKspVersionMax: True
	CompatibleGitHubVersion: False
	UpdateAvailable: False

[Text 12:00:54.6156610]: Identical remote version found: Using remote version information only.
[Text 12:00:54.6156810]: https://raw.githubusercontent.com/KospY/KIS/master/kis.version
	NAME: Kerbal Inventory System
	URL: https://raw.githubusercontent.com/KospY/KIS/master/kis.version
	DOWNLOAD: http://forum.kerbalspaceprogram.com/threads/113111
	GITHUB: KospY/KIS
		LatestRelease: NULL
		AllowPreRelease: False
	VERSION: 1.2.3
	KSP_VERSION: 1.0.5
	KSP_VERSION_MIN: NULL
	KSP_VERSION_MAX: NULL
	CompatibleKspVersion: True
	CompatibleKspVersionMin: True
	CompatibleKspVersionMax: True
	CompatibleGitHubVersion: True

[Text 12:00:54.6179960]: Identical remote version found: Using remote version information only.
[Text 12:00:54.6180090]: https://raw.githubusercontent.com/ferram4/Kerbal-Joint-Reinforcement/master/GameData/KerbalJointReinforcement/KerbalJointReinforcement.version
	NAME: Kerbal Joint Reinforcement
	URL: https://raw.githubusercontent.com/ferram4/Kerbal-Joint-Reinforcement/master/GameData/KerbalJointReinforcement/KerbalJointReinforcement.version
	DOWNLOAD: https://github.com/ferram4/Kerbal-Joint-Reinforcement/releases
	GITHUB: ferram4/Kerbal-Joint-Reinforcement
		LatestRelease: 3.1.4
		AllowPreRelease: False
	VERSION: 3.1.4
	KSP_VERSION: Any
	KSP_VERSION_MIN: 1.0
	KSP_VERSION_MAX: 1.0.5
	CompatibleKspVersion: True
	CompatibleKspVersionMin: True
	CompatibleKspVersionMax: True
	CompatibleGitHubVersion: True

[Text 12:00:54.6915510]: Identical remote version found: Using remote version information only.
[Text 12:00:54.6915700]: https://raw.githubusercontent.com/KospY/KAS/master/kas.version
	NAME: Kerbal Attachment System
	URL: https://raw.githubusercontent.com/KospY/KAS/master/kas.version
	DOWNLOAD: http://forum.kerbalspaceprogram.com/threads/92514
	GITHUB: KospY/KAS
		LatestRelease: NULL
		AllowPreRelease: False
	VERSION: 0.5.5
	KSP_VERSION: 1.0.5
	KSP_VERSION_MIN: NULL
	KSP_VERSION_MAX: NULL
	CompatibleKspVersion: True
	CompatibleKspVersionMin: True
	CompatibleKspVersionMax: True
	CompatibleGitHubVersion: True

[Text 12:00:54.6960000]: Identical remote version found: Using remote version information only.
[Text 12:00:54.6960150]: https://raw.githubusercontent.com/obivandamme/Workshop/master/GameData/Workshop/Workshop.version
	NAME: OSE Workshop
	URL: https://raw.githubusercontent.com/obivandamme/Workshop/master/GameData/Workshop/Workshop.version
	DOWNLOAD: https://github.com/obivandamme/Workshop/releases
	GITHUB: obivandamme/Workshop
		LatestRelease: 0.10.2
		AllowPreRelease: False
	VERSION: 0.10.2
	KSP_VERSION: 1.0.4
	KSP_VERSION_MIN: 1.0.4
	KSP_VERSION_MAX: 1.0.4
	CompatibleKspVersion: False
	CompatibleKspVersionMin: True
	CompatibleKspVersionMax: False
	CompatibleGitHubVersion: True

[Text 12:00:54.8078310]: Identical remote version found: Using remote version information only.
[Text 12:00:54.8078510]: http://ksp-avc.cybutek.net/version.php?id=99
	NAME: Editor Extensions
	URL: http://ksp-avc.cybutek.net/version.php?id=99
	DOWNLOAD: https://github.com/MachXXV/EditorExtensions/releases/latest
	GITHUB: NULL
	VERSION: 2.12
	KSP_VERSION: 1.0.3
	KSP_VERSION_MIN: 1.0
	KSP_VERSION_MAX: 1.0.*
	CompatibleKspVersion: False
	CompatibleKspVersionMin: True
	CompatibleKspVersionMax: True
	CompatibleGitHubVersion: True

[Text 12:00:55.0056020]: Identical remote version found: Using remote version information only.
[Text 12:00:55.0056340]: http://ksp-avc.cybutek.net/version.php?id=2
	NAME: KSP-AVC Plugin
	URL: http://ksp-avc.cybutek.net/version.php?id=2
	DOWNLOAD: http://kerbal.curseforge.com/ksp-mods/220462-ksp-avc-add-on-version-checker
	GITHUB: NULL
	VERSION: 1.1.5
	KSP_VERSION: 0.25
	KSP_VERSION_MIN: NULL
	KSP_VERSION_MAX: 1.0.5
	CompatibleKspVersion: False
	CompatibleKspVersionMin: True
	CompatibleKspVersionMax: True
	CompatibleGitHubVersion: True

[Text 12:00:55.4800350]: Identical remote version found: Using remote version information only.
[Text 12:00:55.4800560]: http://ksp-avc.cybutek.net/version.php?id=108
	NAME: Universal Storage
	URL: http://ksp-avc.cybutek.net/version.php?id=108
	DOWNLOAD: https://kerbalstuff.com/mod/250/Universal%20Storage
	GITHUB: NULL
	VERSION: 1.1.0.8
	KSP_VERSION: 1.0.5
	KSP_VERSION_MIN: 1.0
	KSP_VERSION_MAX: NULL
	CompatibleKspVersion: True
	CompatibleKspVersionMin: True
	CompatibleKspVersionMax: True
	CompatibleGitHubVersion: True

[Text 12:01:00.8249620]: Identical remote version found: Using remote version information only.
[Text 12:01:00.8249830]: http://ksp-avc.cybutek.net/version.php?id=181
	NAME: EVAHandrailsPackContinued
	URL: http://ksp-avc.cybutek.net/version.php?id=181
	DOWNLOAD: https://kerbalstuff.com/mod/929/EVA%20Handrails%20Pack%20Continued/download/
	GITHUB: NULL
	VERSION: 0.2
	KSP_VERSION: 1.0.4
	KSP_VERSION_MIN: 1.0.2
	KSP_VERSION_MAX: 1.0.4
	CompatibleKspVersion: False
	CompatibleKspVersionMin: True
	CompatibleKspVersionMax: False
	CompatibleGitHubVersion: True

[Text 12:01:00.8273020]: IssueGui was created.
[Text 12:01:00.8279110]: Starter was destroyed.
[Text 12:01:00.8281690]: CheckerProgressGui was destroyed.
[Text 12:01:42.0475750]: IssueGui was destroyed.
